10 10 1 15 0
100 100 1 79 31
300 300 1 281 203
30000 300 1 29672 19546
300 30000 1 19515 19016
1 300000 1 657 640
300000 1 1 109062 656
10 10 2 16 0
100 100 2 47 16
300 300 2 172 187
30000 300 2 18734 19562
300 30000 2 10156 19484
1 300000 2 656 656
300000 1 2 134203 641
10 10 3 0 0
100 100 3 47 31
300 300 3 141 203
30000 300 3 15672 19500
300 30000 3 6719 19453
1 300000 3 641 640
300000 1 3 174250 641
10 10 4 0 0
100 100 4 62 16
300 300 4 157 203
30000 300 4 15938 19469
300 30000 4 5782 19531
1 300000 4 672 641
300000 1 4 195266 640
